<?xml version="1.0" encoding="UTF-8"?>
<!-- Generated by org.testng.reporters.JUnitReportReporter -->
<testsuite hostname="DESKTOP-TIC5DM4" failures="0" tests="1" name="com.qa.testcases.addtocart" time="51.433" errors="0" timestamp="2024-08-08T19:40:51 IST" skipped="0">
  <testcase classname="com.qa.testcases.addtocart" name="addtocardaction4" time="51.433"/>
  <system-out/>
</testsuite> <!-- com.qa.testcases.addtocart -->
