<?xml version="1.0" encoding="UTF-8"?>
<!-- Generated by org.testng.reporters.JUnitReportReporter -->
<testsuite hostname="DESKTOP-TIC5DM4" failures="0" tests="23" name="com.qa.testcases.loginTC_001" time="243.011" errors="0" timestamp="2024-08-08T17:55:34 IST" skipped="0">
  <testcase classname="com.qa.testcases.loginTC_001" name="testempty_email" time="7.575"/>
  <system-out/>
  <testcase classname="com.qa.testcases.loginTC_001" name="loginUser" time="11.237"/>
  <system-out/>
  <testcase classname="com.qa.testcases.loginTC_001" name="testIncorrectLogin_password" time="12.181"/>
  <system-out/>
  <testcase classname="com.qa.testcases.loginTC_001" name="testempty_password" time="8.059"/>
  <system-out/>
  <testcase classname="com.qa.testcases.loginTC_001" name="testinvalid_email4" time="8.056"/>
  <system-out/>
  <testcase classname="com.qa.testcases.loginTC_001" name="loginUser" time="10.669"/>
  <system-out/>
  <testcase classname="com.qa.testcases.loginTC_001" name="loginUser" time="14.988"/>
  <system-out/>
  <testcase classname="com.qa.testcases.loginTC_001" name="loginUser" time="10.914"/>
  <system-out/>
  <testcase classname="com.qa.testcases.loginTC_001" name="testforgottenpassword" time="18.370"/>
  <system-out/>
  <testcase classname="com.qa.testcases.loginTC_001" name="testspecialcharcter" time="11.010"/>
  <system-out/>
  <testcase classname="com.qa.testcases.loginTC_001" name="testinvalid_password" time="7.865"/>
  <system-out/>
  <testcase classname="com.qa.testcases.loginTC_001" name="testinvalid_password1" time="10.338"/>
  <system-out/>
  <testcase classname="com.qa.testcases.loginTC_001" name="loginUser" time="13.566"/>
  <system-out/>
  <testcase classname="com.qa.testcases.loginTC_001" name="loginUser" time="7.239"/>
  <system-out/>
  <testcase classname="com.qa.testcases.loginTC_001" name="testIncorrectLogin" time="11.697"/>
  <system-out/>
  <testcase classname="com.qa.testcases.loginTC_001" name="testinvalid_email" time="10.582"/>
  <system-out/>
  <testcase classname="com.qa.testcases.loginTC_001" name="loginUser" time="8.243"/>
  <system-out/>
  <testcase classname="com.qa.testcases.loginTC_001" name="testinvalid_email3" time="10.622"/>
  <system-out/>
  <testcase classname="com.qa.testcases.loginTC_001" name="testwrongcase" time="12.979"/>
  <system-out/>
  <testcase classname="com.qa.testcases.loginTC_001" name="loginUser" time="7.420"/>
  <system-out/>
  <testcase classname="com.qa.testcases.loginTC_001" name="testinvalid_email2" time="8.333"/>
  <system-out/>
  <testcase classname="com.qa.testcases.loginTC_001" name="testinvalid_password2" time="9.875"/>
  <system-out/>
  <testcase classname="com.qa.testcases.loginTC_001" name="testValidLogin" time="11.193"/>
  <system-out/>
</testsuite> <!-- com.qa.testcases.loginTC_001 -->
