<?xml version="1.0" encoding="UTF-8"?>
<!-- Generated by org.testng.reporters.JUnitReportReporter -->
<testsuite hostname="DESKTOP-TIC5DM4" failures="0" tests="1" name="com.qa.testcases.checkoutTC_002" time="44.554" errors="0" timestamp="2024-08-08T19:03:49 IST" skipped="0">
  <testcase classname="com.qa.testcases.checkoutTC_002" name="checkoutProcess1" time="44.554"/>
  <system-out/>
</testsuite> <!-- com.qa.testcases.checkoutTC_002 -->
