<?xml version="1.0" encoding="UTF-8"?>
<!-- Generated by org.testng.reporters.JUnitReportReporter -->
<testsuite hostname="DESKTOP-TIC5DM4" failures="0" tests="6" name="com.qa.testcases.SignUpTests" time="66.559" errors="0" timestamp="2024-08-08T12:12:27 IST" skipped="0">
  <testcase classname="com.qa.testcases.SignUpTests" name="testUserRegistration" time="11.356"/>
  <system-out/>
  <testcase classname="com.qa.testcases.SignUpTests" name="TC_SignUp_02_UnsuccessfulSignUpWithEmptyMandatoryFields" time="11.160"/>
  <system-out/>
  <testcase classname="com.qa.testcases.SignUpTests" name="TC_SignUp_03_UnsuccessfulSignUpWithInvalidEmailFormat" time="9.140"/>
  <system-out/>
  <testcase classname="com.qa.testcases.SignUpTests" name="TC_SignUp_04_UnsuccessfulSignUpWithWeakPassword" time="9.023"/>
  <system-out/>
  <testcase classname="com.qa.testcases.SignUpTests" name="TC_SignUp_05_UnsuccessfulSignUpWithMismatchedPassword" time="9.268"/>
  <system-out/>
  <testcase classname="com.qa.testcases.SignUpTests" name="TC_SignUp_06_SuccessfulRegistration" time="16.612"/>
  <system-out/>
</testsuite> <!-- com.qa.testcases.SignUpTests -->
