<?xml version="1.0" encoding="UTF-8"?>
<!-- Generated by org.testng.reporters.JUnitReportReporter -->
<testsuite hostname="DESKTOP-TIC5DM4" failures="0" tests="7" name="com.qa.testcases.whishlist" time="243.396" errors="0" timestamp="2024-08-08T19:22:33 IST" skipped="0">
  <testcase classname="com.qa.testcases.whishlist" name="testaddtoWishlist" time="43.525"/>
  <system-out/>
  <testcase classname="com.qa.testcases.whishlist" name="testaddtoWishlistwithlogin" time="25.177"/>
  <system-out/>
  <testcase classname="com.qa.testcases.whishlist" name="viewWishlistwithlogin" time="16.865"/>
  <system-out/>
  <testcase classname="com.qa.testcases.whishlist" name="removeWishlistwithlogin" time="20.753"/>
  <system-out/>
  <testcase classname="com.qa.testcases.whishlist" name="addduplicateWishlistwithlogin" time="54.109"/>
  <system-out/>
  <testcase classname="com.qa.testcases.whishlist" name="addmultipleWishlistwithlogin" time="57.418"/>
  <system-out/>
  <testcase classname="com.qa.testcases.whishlist" name="addWishlisttocartwithlogin" time="25.549"/>
  <system-out/>
</testsuite> <!-- com.qa.testcases.whishlist -->
