<?xml version="1.0" encoding="UTF-8"?>
<!-- Generated by org.testng.reporters.JUnitReportReporter -->
<testsuite hostname="DESKTOP-TIC5DM4" failures="0" tests="6" name="com.qa.testcases.SignUpTests" time="71.916" errors="0" timestamp="2024-08-07T10:09:31 IST" skipped="0">
  <testcase classname="com.qa.testcases.SignUpTests" name="testUserRegistration" time="13.350"/>
  <system-out/>
  <testcase classname="com.qa.testcases.SignUpTests" name="TC_SignUp_02_UnsuccessfulSignUpWithEmptyMandatoryFields" time="10.464"/>
  <system-out/>
  <testcase classname="com.qa.testcases.SignUpTests" name="TC_SignUp_03_UnsuccessfulSignUpWithInvalidEmailFormat" time="10.577"/>
  <system-out/>
  <testcase classname="com.qa.testcases.SignUpTests" name="TC_SignUp_04_UnsuccessfulSignUpWithWeakPassword" time="12.319"/>
  <system-out/>
  <testcase classname="com.qa.testcases.SignUpTests" name="TC_SignUp_05_UnsuccessfulSignUpWithMismatchedPassword" time="10.344"/>
  <system-out/>
  <testcase classname="com.qa.testcases.SignUpTests" name="TC_SignUp_06_SuccessfulRegistration" time="14.862"/>
  <system-out/>
</testsuite> <!-- com.qa.testcases.SignUpTests -->
